2018-11-30 10:12:14.551  INFO 122872 --- [           main] s.c.a.AnnotationConfigApplicationContext : Refreshing org.springframework.context.annotation.AnnotationConfigApplicationContext@73a28541: startup date [Fri Nov 30 10:12:14 GMT 2018]; root of context hierarchy
2018-11-30 10:12:15.574  INFO 122872 --- [           main] f.a.AutowiredAnnotationBeanPostProcessor : JSR-330 'javax.inject.Inject' annotation found and supported for autowiring
2018-11-30 10:12:15.642  INFO 122872 --- [           main] trationDelegate$BeanPostProcessorChecker : Bean 'configurationPropertiesRebinderAutoConfiguration' of type [class org.springframework.cloud.autoconfigure.ConfigurationPropertiesRebinderAutoConfiguration$$EnhancerBySpringCGLIB$$cdfe321f] is not eligible for getting processed by all BeanPostProcessors (for example: not eligible for auto-proxying)

  .   ____          _            __ _ _
 /\\ / ___'_ __ _ _(_)_ __  __ _ \ \ \ \
( ( )\___ | '_ | '_| | '_ \/ _` | \ \ \ \
 \\/  ___)| |_)| | | | | || (_| |  ) ) ) )
  '  |____| .__|_| |_|_| |_\__, | / / / /
 =========|_|==============|___/=/_/_/_/
 :: Spring Boot ::        (v1.4.0.RELEASE)

2018-11-30 10:12:17.902  INFO 122872 --- [           main] b.c.PropertySourceBootstrapConfiguration : Located property source: CompositePropertySource [name='consul', propertySources=[ConsulPropertySource [name='config/gateway/'], ConsulPropertySource [name='config/application/']]]
2018-11-30 10:12:17.908  INFO 122872 --- [           main] com.bhagya.GatewayApplication            : No active profile set, falling back to default profiles: default
2018-11-30 10:12:17.940  INFO 122872 --- [           main] ationConfigEmbeddedWebApplicationContext : Refreshing org.springframework.boot.context.embedded.AnnotationConfigEmbeddedWebApplicationContext@7d0587f1: startup date [Fri Nov 30 10:12:17 GMT 2018]; parent: org.springframework.context.annotation.AnnotationConfigApplicationContext@73a28541
2018-11-30 10:12:19.805  INFO 122872 --- [           main] o.s.b.f.s.DefaultListableBeanFactory     : Overriding bean definition for bean 'hystrixFeature' with a different definition: replacing [Root bean: class [null]; scope=; abstract=false; lazyInit=false; autowireMode=3; dependencyCheck=0; autowireCandidate=true; primary=false; factoryBeanName=org.springframework.cloud.netflix.hystrix.HystrixCircuitBreakerConfiguration$HystrixWebConfiguration; factoryMethodName=hystrixFeature; initMethodName=null; destroyMethodName=(inferred); defined in class path resource [org/springframework/cloud/netflix/hystrix/HystrixCircuitBreakerConfiguration$HystrixWebConfiguration.class]] with [Root bean: class [null]; scope=; abstract=false; lazyInit=false; autowireMode=3; dependencyCheck=0; autowireCandidate=true; primary=false; factoryBeanName=org.springframework.cloud.netflix.hystrix.HystrixCircuitBreakerConfiguration; factoryMethodName=hystrixFeature; initMethodName=null; destroyMethodName=(inferred); defined in class path resource [org/springframework/cloud/netflix/hystrix/HystrixCircuitBreakerConfiguration.class]]
2018-11-30 10:12:20.428  WARN 122872 --- [           main] o.s.c.a.ConfigurationClassPostProcessor  : Cannot enhance @Configuration bean definition 'refreshScope' since its singleton instance has been created too early. The typical cause is a non-static @Bean method with a BeanDefinitionRegistryPostProcessor return type: Consider declaring such methods as 'static'.
2018-11-30 10:12:20.573  INFO 122872 --- [           main] o.s.cloud.context.scope.GenericScope     : BeanFactory id=942ffe1a-2df9-380d-a8b1-688825c47853
2018-11-30 10:12:20.583  INFO 122872 --- [           main] f.a.AutowiredAnnotationBeanPostProcessor : JSR-330 'javax.inject.Inject' annotation found and supported for autowiring
2018-11-30 10:12:21.221  INFO 122872 --- [           main] trationDelegate$BeanPostProcessorChecker : Bean 'org.springframework.cloud.autoconfigure.ConfigurationPropertiesRebinderAutoConfiguration' of type [class org.springframework.cloud.autoconfigure.ConfigurationPropertiesRebinderAutoConfiguration$$EnhancerBySpringCGLIB$$cdfe321f] is not eligible for getting processed by all BeanPostProcessors (for example: not eligible for auto-proxying)
2018-11-30 10:12:22.039  INFO 122872 --- [           main] s.b.c.e.t.TomcatEmbeddedServletContainer : Tomcat initialized with port(s): 8085 (http)
2018-11-30 10:12:22.173  INFO 122872 --- [           main] o.apache.catalina.core.StandardService   : Starting service Tomcat
2018-11-30 10:12:22.176  INFO 122872 --- [           main] org.apache.catalina.core.StandardEngine  : Starting Servlet Engine: Apache Tomcat/8.5.4
2018-11-30 10:12:22.344  INFO 122872 --- [ost-startStop-1] o.a.c.c.C.[Tomcat].[localhost].[/]       : Initializing Spring embedded WebApplicationContext
2018-11-30 10:12:22.345  INFO 122872 --- [ost-startStop-1] o.s.web.context.ContextLoader            : Root WebApplicationContext: initialization completed in 4405 ms
2018-11-30 10:12:24.171  WARN 122872 --- [ost-startStop-1] c.n.c.sources.URLConfigurationSource     : No URLs will be polled as dynamic configuration sources.
2018-11-30 10:12:24.171  INFO 122872 --- [ost-startStop-1] c.n.c.sources.URLConfigurationSource     : To enable URLs as dynamic configuration sources, define System property archaius.configurationSource.additionalUrls or make config.properties available on classpath.
2018-11-30 10:12:24.196  INFO 122872 --- [ost-startStop-1] c.netflix.config.DynamicPropertyFactory  : DynamicPropertyFactory is initialized with configuration sources: com.netflix.config.ConcurrentCompositeConfiguration@5a9a47bc
2018-11-30 10:12:24.593  INFO 122872 --- [ost-startStop-1] o.s.b.w.servlet.ServletRegistrationBean  : Mapping servlet: 'zuulServlet' to [/zuul/*]
2018-11-30 10:12:24.597  INFO 122872 --- [ost-startStop-1] o.s.b.w.servlet.ServletRegistrationBean  : Mapping servlet: 'dispatcherServlet' to [/]
2018-11-30 10:12:24.607  INFO 122872 --- [ost-startStop-1] o.s.b.w.servlet.FilterRegistrationBean   : Mapping filter: 'metricFilter' to: [/*]
2018-11-30 10:12:24.608  INFO 122872 --- [ost-startStop-1] o.s.b.w.servlet.FilterRegistrationBean   : Mapping filter: 'characterEncodingFilter' to: [/*]
2018-11-30 10:12:24.608  INFO 122872 --- [ost-startStop-1] o.s.b.w.servlet.FilterRegistrationBean   : Mapping filter: 'hiddenHttpMethodFilter' to: [/*]
2018-11-30 10:12:24.608  INFO 122872 --- [ost-startStop-1] o.s.b.w.servlet.FilterRegistrationBean   : Mapping filter: 'httpPutFormContentFilter' to: [/*]
2018-11-30 10:12:24.608  INFO 122872 --- [ost-startStop-1] o.s.b.w.servlet.FilterRegistrationBean   : Mapping filter: 'requestContextFilter' to: [/*]
2018-11-30 10:12:24.608  INFO 122872 --- [ost-startStop-1] o.s.b.w.servlet.FilterRegistrationBean   : Mapping filter: 'webRequestLoggingFilter' to: [/*]
2018-11-30 10:12:24.608  INFO 122872 --- [ost-startStop-1] o.s.b.w.servlet.FilterRegistrationBean   : Mapping filter: 'applicationContextIdFilter' to: [/*]
2018-11-30 10:12:24.669  INFO 122872 --- [ost-startStop-1] o.s.c.n.zuul.ZuulFilterInitializer       : Starting filter initializer context listener
2018-11-30 10:12:26.644  INFO 122872 --- [           main] s.w.s.m.m.a.RequestMappingHandlerAdapter : Looking for @ControllerAdvice: org.springframework.boot.context.embedded.AnnotationConfigEmbeddedWebApplicationContext@7d0587f1: startup date [Fri Nov 30 10:12:17 GMT 2018]; parent: org.springframework.context.annotation.AnnotationConfigApplicationContext@73a28541
2018-11-30 10:12:27.087  INFO 122872 --- [           main] s.w.s.m.m.a.RequestMappingHandlerMapping : Mapped "{[/error]}" onto public org.springframework.http.ResponseEntity<java.util.Map<java.lang.String, java.lang.Object>> org.springframework.boot.autoconfigure.web.BasicErrorController.error(javax.servlet.http.HttpServletRequest)
2018-11-30 10:12:27.090  INFO 122872 --- [           main] s.w.s.m.m.a.RequestMappingHandlerMapping : Mapped "{[/error],produces=[text/html]}" onto public org.springframework.web.servlet.ModelAndView org.springframework.boot.autoconfigure.web.BasicErrorController.errorHtml(javax.servlet.http.HttpServletRequest,javax.servlet.http.HttpServletResponse)
2018-11-30 10:12:27.263  INFO 122872 --- [           main] o.s.w.s.handler.SimpleUrlHandlerMapping  : Mapped URL path [/webjars/**] onto handler of type [class org.springframework.web.servlet.resource.ResourceHttpRequestHandler]
2018-11-30 10:12:27.263  INFO 122872 --- [           main] o.s.w.s.handler.SimpleUrlHandlerMapping  : Mapped URL path [/**] onto handler of type [class org.springframework.web.servlet.resource.ResourceHttpRequestHandler]
2018-11-30 10:12:27.398  INFO 122872 --- [           main] o.s.w.s.handler.SimpleUrlHandlerMapping  : Mapped URL path [/**/favicon.ico] onto handler of type [class org.springframework.web.servlet.resource.ResourceHttpRequestHandler]
2018-11-30 10:12:28.711  INFO 122872 --- [           main] o.s.b.a.e.mvc.EndpointHandlerMapping     : Mapped "{[/routes || /routes.json],methods=[POST]}" onto public java.util.Map<java.lang.String, java.lang.String> org.springframework.cloud.netflix.zuul.RoutesEndpoint.reset()
2018-11-30 10:12:28.712  INFO 122872 --- [           main] o.s.b.a.e.mvc.EndpointHandlerMapping     : Mapped "{[/routes || /routes.json],methods=[GET]}" onto public java.util.Map<java.lang.String, java.lang.String> org.springframework.cloud.netflix.zuul.RoutesEndpoint.getRoutes()
2018-11-30 10:12:28.712  INFO 122872 --- [           main] o.s.b.a.e.mvc.EndpointHandlerMapping     : Mapped "{[/restart || /restart.json],methods=[POST]}" onto public java.lang.Object org.springframework.cloud.context.restart.RestartMvcEndpoint.invoke()
2018-11-30 10:12:28.715  INFO 122872 --- [           main] o.s.b.a.e.mvc.EndpointHandlerMapping     : Mapped "{[/archaius || /archaius.json],methods=[GET],produces=[application/json]}" onto public java.lang.Object org.springframework.boot.actuate.endpoint.mvc.EndpointMvcAdapter.invoke()
2018-11-30 10:12:28.716  INFO 122872 --- [           main] o.s.b.a.e.mvc.EndpointHandlerMapping     : Mapped "{[/beans || /beans.json],methods=[GET],produces=[application/json]}" onto public java.lang.Object org.springframework.boot.actuate.endpoint.mvc.EndpointMvcAdapter.invoke()
2018-11-30 10:12:28.716  INFO 122872 --- [           main] o.s.b.a.e.mvc.EndpointHandlerMapping     : Mapped "{[/env],methods=[POST]}" onto public java.lang.Object org.springframework.cloud.context.environment.EnvironmentManagerMvcEndpoint.value(java.util.Map<java.lang.String, java.lang.String>)
2018-11-30 10:12:28.717  INFO 122872 --- [           main] o.s.b.a.e.mvc.EndpointHandlerMapping     : Mapped "{[/env/reset],methods=[POST]}" onto public java.util.Map<java.lang.String, java.lang.Object> org.springframework.cloud.context.environment.EnvironmentManagerMvcEndpoint.reset()
2018-11-30 10:12:28.718  INFO 122872 --- [           main] o.s.b.a.e.mvc.EndpointHandlerMapping     : Mapped "{[/autoconfig || /autoconfig.json],methods=[GET],produces=[application/json]}" onto public java.lang.Object org.springframework.boot.actuate.endpoint.mvc.EndpointMvcAdapter.invoke()
2018-11-30 10:12:28.719  INFO 122872 --- [           main] o.s.b.a.e.mvc.EndpointHandlerMapping     : Mapped "{[/metrics/{name:.*}],methods=[GET],produces=[application/json]}" onto public java.lang.Object org.springframework.boot.actuate.endpoint.mvc.MetricsMvcEndpoint.value(java.lang.String)
2018-11-30 10:12:28.719  INFO 122872 --- [           main] o.s.b.a.e.mvc.EndpointHandlerMapping     : Mapped "{[/metrics || /metrics.json],methods=[GET],produces=[application/json]}" onto public java.lang.Object org.springframework.boot.actuate.endpoint.mvc.EndpointMvcAdapter.invoke()
2018-11-30 10:12:28.720  INFO 122872 --- [           main] o.s.b.a.e.mvc.EndpointHandlerMapping     : Mapped "{[/configprops || /configprops.json],methods=[GET],produces=[application/json]}" onto public java.lang.Object org.springframework.boot.actuate.endpoint.mvc.EndpointMvcAdapter.invoke()
2018-11-30 10:12:28.722  INFO 122872 --- [           main] o.s.b.a.e.mvc.EndpointHandlerMapping     : Mapped "{[/env/{name:.*}],methods=[GET],produces=[application/json]}" onto public java.lang.Object org.springframework.boot.actuate.endpoint.mvc.EnvironmentMvcEndpoint.value(java.lang.String)
2018-11-30 10:12:28.722  INFO 122872 --- [           main] o.s.b.a.e.mvc.EndpointHandlerMapping     : Mapped "{[/env || /env.json],methods=[GET],produces=[application/json]}" onto public java.lang.Object org.springframework.boot.actuate.endpoint.mvc.EndpointMvcAdapter.invoke()
2018-11-30 10:12:28.723  INFO 122872 --- [           main] o.s.b.a.e.mvc.EndpointHandlerMapping     : Mapped "{[/hystrix.stream/**]}" onto public org.springframework.web.servlet.ModelAndView org.springframework.cloud.netflix.endpoint.ServletWrappingEndpoint.handle(javax.servlet.http.HttpServletRequest,javax.servlet.http.HttpServletResponse) throws java.lang.Exception
2018-11-30 10:12:28.723  INFO 122872 --- [           main] o.s.b.a.e.mvc.EndpointHandlerMapping     : Mapped "{[/heapdump || /heapdump.json],methods=[GET],produces=[application/octet-stream]}" onto public void org.springframework.boot.actuate.endpoint.mvc.HeapdumpMvcEndpoint.invoke(boolean,javax.servlet.http.HttpServletRequest,javax.servlet.http.HttpServletResponse) throws java.io.IOException,javax.servlet.ServletException
2018-11-30 10:12:28.725  INFO 122872 --- [           main] o.s.b.a.e.mvc.EndpointHandlerMapping     : Mapped "{[/trace || /trace.json],methods=[GET],produces=[application/json]}" onto public java.lang.Object org.springframework.boot.actuate.endpoint.mvc.EndpointMvcAdapter.invoke()
2018-11-30 10:12:28.726  INFO 122872 --- [           main] o.s.b.a.e.mvc.EndpointHandlerMapping     : Mapped "{[/health || /health.json],produces=[application/json]}" onto public java.lang.Object org.springframework.boot.actuate.endpoint.mvc.HealthMvcEndpoint.invoke(java.security.Principal)
2018-11-30 10:12:28.727  INFO 122872 --- [           main] o.s.b.a.e.mvc.EndpointHandlerMapping     : Mapped "{[/dump || /dump.json],methods=[GET],produces=[application/json]}" onto public java.lang.Object org.springframework.boot.actuate.endpoint.mvc.EndpointMvcAdapter.invoke()
2018-11-30 10:12:28.727  INFO 122872 --- [           main] o.s.b.a.e.mvc.EndpointHandlerMapping     : Mapped "{[/pause || /pause.json],methods=[POST]}" onto public java.lang.Object org.springframework.cloud.endpoint.GenericPostableMvcEndpoint.invoke()
2018-11-30 10:12:28.728  INFO 122872 --- [           main] o.s.b.a.e.mvc.EndpointHandlerMapping     : Mapped "{[/features || /features.json],methods=[GET],produces=[application/json]}" onto public java.lang.Object org.springframework.boot.actuate.endpoint.mvc.EndpointMvcAdapter.invoke()
2018-11-30 10:12:28.728  INFO 122872 --- [           main] o.s.b.a.e.mvc.EndpointHandlerMapping     : Mapped "{[/mappings || /mappings.json],methods=[GET],produces=[application/json]}" onto public java.lang.Object org.springframework.boot.actuate.endpoint.mvc.EndpointMvcAdapter.invoke()
2018-11-30 10:12:28.729  INFO 122872 --- [           main] o.s.b.a.e.mvc.EndpointHandlerMapping     : Mapped "{[/consul || /consul.json],methods=[GET],produces=[application/json]}" onto public java.lang.Object org.springframework.boot.actuate.endpoint.mvc.EndpointMvcAdapter.invoke()
2018-11-30 10:12:28.732  INFO 122872 --- [           main] o.s.b.a.e.mvc.EndpointHandlerMapping     : Mapped "{[/resume || /resume.json],methods=[POST]}" onto public java.lang.Object org.springframework.cloud.endpoint.GenericPostableMvcEndpoint.invoke()
2018-11-30 10:12:28.733  INFO 122872 --- [           main] o.s.b.a.e.mvc.EndpointHandlerMapping     : Mapped "{[/refresh || /refresh.json],methods=[POST]}" onto public java.lang.Object org.springframework.cloud.endpoint.GenericPostableMvcEndpoint.invoke()
2018-11-30 10:12:28.734  INFO 122872 --- [           main] o.s.b.a.e.mvc.EndpointHandlerMapping     : Mapped "{[/info || /info.json],methods=[GET],produces=[application/json]}" onto public java.lang.Object org.springframework.boot.actuate.endpoint.mvc.EndpointMvcAdapter.invoke()
2018-11-30 10:12:29.124  WARN 122872 --- [           main] c.n.c.sources.URLConfigurationSource     : No URLs will be polled as dynamic configuration sources.
2018-11-30 10:12:29.124  INFO 122872 --- [           main] c.n.c.sources.URLConfigurationSource     : To enable URLs as dynamic configuration sources, define System property archaius.configurationSource.additionalUrls or make config.properties available on classpath.
2018-11-30 10:12:29.295  INFO 122872 --- [           main] o.s.j.e.a.AnnotationMBeanExporter        : Registering beans for JMX exposure on startup
2018-11-30 10:12:29.313  INFO 122872 --- [           main] o.s.j.e.a.AnnotationMBeanExporter        : Bean with name 'zuulEndpoint' has been autodetected for JMX exposure
2018-11-30 10:12:29.316  INFO 122872 --- [           main] o.s.j.e.a.AnnotationMBeanExporter        : Bean with name 'configurationPropertiesRebinder' has been autodetected for JMX exposure
2018-11-30 10:12:29.317  INFO 122872 --- [           main] o.s.j.e.a.AnnotationMBeanExporter        : Bean with name 'refreshEndpoint' has been autodetected for JMX exposure
2018-11-30 10:12:29.317  INFO 122872 --- [           main] o.s.j.e.a.AnnotationMBeanExporter        : Bean with name 'restartEndpoint' has been autodetected for JMX exposure
2018-11-30 10:12:29.318  INFO 122872 --- [           main] o.s.j.e.a.AnnotationMBeanExporter        : Bean with name 'refreshScope' has been autodetected for JMX exposure
2018-11-30 10:12:29.319  INFO 122872 --- [           main] o.s.j.e.a.AnnotationMBeanExporter        : Bean with name 'environmentManager' has been autodetected for JMX exposure
2018-11-30 10:12:29.326  INFO 122872 --- [           main] o.s.j.e.a.AnnotationMBeanExporter        : Located managed bean 'environmentManager': registering with JMX server as MBean [org.springframework.cloud.context.environment:name=environmentManager,type=EnvironmentManager]
2018-11-30 10:12:29.352  INFO 122872 --- [           main] o.s.j.e.a.AnnotationMBeanExporter        : Located managed bean 'restartEndpoint': registering with JMX server as MBean [org.springframework.cloud.context.restart:name=restartEndpoint,type=RestartEndpoint]
2018-11-30 10:12:29.371  INFO 122872 --- [           main] o.s.j.e.a.AnnotationMBeanExporter        : Located managed bean 'refreshScope': registering with JMX server as MBean [org.springframework.cloud.context.scope.refresh:name=refreshScope,type=RefreshScope]
2018-11-30 10:12:29.388  INFO 122872 --- [           main] o.s.j.e.a.AnnotationMBeanExporter        : Located managed bean 'zuulEndpoint': registering with JMX server as MBean [org.springframework.cloud.netflix.zuul:name=zuulEndpoint,type=RoutesEndpoint]
2018-11-30 10:12:29.392  INFO 122872 --- [           main] o.s.j.e.a.AnnotationMBeanExporter        : Located managed bean 'configurationPropertiesRebinder': registering with JMX server as MBean [org.springframework.cloud.context.properties:name=configurationPropertiesRebinder,context=7d0587f1,type=ConfigurationPropertiesRebinder]
2018-11-30 10:12:29.401  INFO 122872 --- [           main] o.s.j.e.a.AnnotationMBeanExporter        : Located managed bean 'refreshEndpoint': registering with JMX server as MBean [org.springframework.cloud.endpoint:name=refreshEndpoint,type=RefreshEndpoint]
2018-11-30 10:12:29.708  INFO 122872 --- [           main] o.s.c.support.DefaultLifecycleProcessor  : Starting beans in phase 0
2018-11-30 10:12:29.766  INFO 122872 --- [           main] o.s.c.support.DefaultLifecycleProcessor  : Starting beans in phase 2147483647
2018-11-30 10:12:29.785  INFO 122872 --- [           main] ration$HystrixMetricsPollerConfiguration : Starting poller
2018-11-30 10:12:29.826  INFO 122872 --- [           main] s.a.ScheduledAnnotationBeanPostProcessor : No TaskScheduler/ScheduledExecutorService bean found for scheduled processing
2018-11-30 10:12:29.954  INFO 122872 --- [           main] s.b.c.e.t.TomcatEmbeddedServletContainer : Tomcat started on port(s): 8085 (http)
2018-11-30 10:12:29.957  INFO 122872 --- [           main] o.s.c.consul.discovery.ConsulLifecycle   : Registering service with consul: NewService{id='gateway-8085', name='gateway', tags=[], address='192.168.5.22', port=8085, check=Check{script='null', interval=10s, ttl=null, http=http://192.168.5.22:8085/health, tcp=null, timeout=null}}
2018-11-30 10:12:29.991  INFO 122872 --- [           main] com.bhagya.GatewayApplication            : Started GatewayApplication in 17.569 seconds (JVM running for 18.756)
2018-11-30 10:12:36.559  INFO 122872 --- [nio-8085-exec-1] o.a.c.c.C.[Tomcat].[localhost].[/]       : Initializing Spring FrameworkServlet 'dispatcherServlet'
2018-11-30 10:12:36.559  INFO 122872 --- [nio-8085-exec-1] o.s.web.servlet.DispatcherServlet        : FrameworkServlet 'dispatcherServlet': initialization started
2018-11-30 10:12:36.619  INFO 122872 --- [nio-8085-exec-1] o.s.web.servlet.DispatcherServlet        : FrameworkServlet 'dispatcherServlet': initialization completed in 60 ms
2018-11-30 10:12:36.663  INFO 122872 --- [nio-8085-exec-1] o.s.c.n.zuul.web.ZuulHandlerMapping      : Mapped URL path [/users/**] onto handler of type [class org.springframework.cloud.netflix.zuul.web.ZuulController]
2018-11-30 10:12:36.663  INFO 122872 --- [nio-8085-exec-1] o.s.c.n.zuul.web.ZuulHandlerMapping      : Mapped URL path [/consul/**] onto handler of type [class org.springframework.cloud.netflix.zuul.web.ZuulController]
2018-11-30 10:12:36.663  INFO 122872 --- [nio-8085-exec-1] o.s.c.n.zuul.web.ZuulHandlerMapping      : Mapped URL path [/gateway/**] onto handler of type [class org.springframework.cloud.netflix.zuul.web.ZuulController]
2018-11-30 10:12:36.663  INFO 122872 --- [nio-8085-exec-1] o.s.c.n.zuul.web.ZuulHandlerMapping      : Mapped URL path [/user-service/**] onto handler of type [class org.springframework.cloud.netflix.zuul.web.ZuulController]
2018-11-30 10:12:36.663  INFO 122872 --- [nio-8085-exec-1] o.s.c.n.zuul.web.ZuulHandlerMapping      : Mapped URL path [/user-ui/**] onto handler of type [class org.springframework.cloud.netflix.zuul.web.ZuulController]
2018-11-30 10:20:41.829  INFO 122872 --- [       Thread-6] ationConfigEmbeddedWebApplicationContext : Closing org.springframework.boot.context.embedded.AnnotationConfigEmbeddedWebApplicationContext@7d0587f1: startup date [Fri Nov 30 10:12:17 GMT 2018]; parent: org.springframework.context.annotation.AnnotationConfigApplicationContext@73a28541
2018-11-30 10:20:41.832  INFO 122872 --- [       Thread-6] o.s.c.support.DefaultLifecycleProcessor  : Stopping beans in phase 2147483647
2018-11-30 10:20:41.834  INFO 122872 --- [       Thread-6] o.s.c.support.DefaultLifecycleProcessor  : Stopping beans in phase 0
2018-11-30 10:20:41.834  INFO 122872 --- [       Thread-6] o.s.c.consul.discovery.ConsulLifecycle   : Deregistering service with consul: gateway-8085
2018-11-30 10:20:41.847 ERROR 122872 --- [       Thread-6] o.s.c.c.d.AbstractDiscoveryLifecycle     : A problem occurred attempting to stop discovery lifecycle

com.ecwid.consul.v1.OperationException: null
	at com.ecwid.consul.v1.agent.AgentConsulClient.agentServiceDeregister(AgentConsulClient.java:239) ~[consul-api-1.1.10.jar!/:na]
	at com.ecwid.consul.v1.ConsulClient.agentServiceDeregister(ConsulClient.java:254) ~[consul-api-1.1.10.jar!/:na]
	at org.springframework.cloud.consul.discovery.ConsulLifecycle.deregister(ConsulLifecycle.java:196) ~[spring-cloud-consul-discovery-1.0.2.RELEASE.jar!/:1.0.2.RELEASE]
	at org.springframework.cloud.consul.discovery.ConsulLifecycle.deregister(ConsulLifecycle.java:170) ~[spring-cloud-consul-discovery-1.0.2.RELEASE.jar!/:1.0.2.RELEASE]
	at org.springframework.cloud.client.discovery.AbstractDiscoveryLifecycle.stop(AbstractDiscoveryLifecycle.java:187) ~[spring-cloud-commons-1.1.1.RELEASE.jar!/:1.1.1.RELEASE]
	at org.springframework.cloud.client.discovery.AbstractDiscoveryLifecycle.stop(AbstractDiscoveryLifecycle.java:82) ~[spring-cloud-commons-1.1.1.RELEASE.jar!/:1.1.1.RELEASE]
	at org.springframework.context.support.DefaultLifecycleProcessor.doStop(DefaultLifecycleProcessor.java:229) [spring-context-4.3.2.RELEASE.jar!/:4.3.2.RELEASE]
	at org.springframework.context.support.DefaultLifecycleProcessor.access$300(DefaultLifecycleProcessor.java:51) [spring-context-4.3.2.RELEASE.jar!/:4.3.2.RELEASE]
	at org.springframework.context.support.DefaultLifecycleProcessor$LifecycleGroup.stop(DefaultLifecycleProcessor.java:363) [spring-context-4.3.2.RELEASE.jar!/:4.3.2.RELEASE]
	at org.springframework.context.support.DefaultLifecycleProcessor.stopBeans(DefaultLifecycleProcessor.java:202) [spring-context-4.3.2.RELEASE.jar!/:4.3.2.RELEASE]
	at org.springframework.context.support.DefaultLifecycleProcessor.onClose(DefaultLifecycleProcessor.java:118) [spring-context-4.3.2.RELEASE.jar!/:4.3.2.RELEASE]
	at org.springframework.context.support.AbstractApplicationContext.doClose(AbstractApplicationContext.java:997) [spring-context-4.3.2.RELEASE.jar!/:4.3.2.RELEASE]
	at org.springframework.context.support.AbstractApplicationContext$2.run(AbstractApplicationContext.java:923) [spring-context-4.3.2.RELEASE.jar!/:4.3.2.RELEASE]

2018-11-30 10:20:41.852  INFO 122872 --- [       Thread-6] o.s.j.e.a.AnnotationMBeanExporter        : Unregistering JMX-exposed beans on shutdown
2018-11-30 10:20:41.852  INFO 122872 --- [       Thread-6] o.s.j.e.a.AnnotationMBeanExporter        : Unregistering JMX-exposed beans
2018-11-30 10:20:41.893  WARN 122872 --- [       Thread-6] c.n.c.sources.URLConfigurationSource     : No URLs will be polled as dynamic configuration sources.
2018-11-30 10:20:41.893  INFO 122872 --- [       Thread-6] c.n.c.sources.URLConfigurationSource     : To enable URLs as dynamic configuration sources, define System property archaius.configurationSource.additionalUrls or make config.properties available on classpath.
2018-11-30 10:20:41.960  INFO 122872 --- [ost-startStop-2] o.s.c.n.zuul.ZuulFilterInitializer       : Stopping filter initializer context listener
