2018-06-29 10:23:22 - Starting DemoApplicationTests on man-01974 with PID 70116 (started by gjadhav in C:\Users\gjadhav\Documents\workspace-sts-3.9.4.RELEASE\user-details-service)
2018-06-29 10:23:22 - Running with Spring Boot v1.5.10.RELEASE, Spring v4.3.14.RELEASE
2018-06-29 10:23:22 - No active profile set, falling back to default profiles: default
2018-06-29 10:23:29 - The sample data has been generated
2018-06-29 10:23:29 - Started DemoApplicationTests in 8.098 seconds (JVM running for 10.059)
2018-06-29 10:23:29 - inside the service call : getAllUser
2018-06-29 10:23:29 - Returning all the User
2018-06-29 10:23:29 - inside the service call : getAllUser
2018-06-29 10:23:30 - User id to remove 4
2018-06-29 10:23:30 - User id to return 0
2018-06-29 10:23:30 - User id to remove 8
2018-06-29 10:23:30 - Payload to update com.gj.model.User@25b74370
2018-06-29 10:23:30 - Payload to save com.gj.model.User@34beadce
2018-06-29 10:23:30 - User id to return 6
2018-06-29 10:23:30 - Payload to save com.gj.model.User@148ab138
2018-06-29 10:23:30 - Payload to update com.gj.model.User@35e07e19
2018-06-29 10:23:30 - User id to return 3
2018-06-29 10:23:30 - HHH000231: Schema export unsuccessful
org.h2.jdbc.JdbcSQLException: Database is already closed (to disable automatic closing at VM shutdown, add ";DB_CLOSE_ON_EXIT=FALSE" to the db URL) [90121-196]
	at org.h2.message.DbException.getJdbcSQLException(DbException.java:345)
	at org.h2.message.DbException.get(DbException.java:179)
	at org.h2.message.DbException.get(DbException.java:155)
	at org.h2.message.DbException.get(DbException.java:144)
	at org.h2.jdbc.JdbcConnection.checkClosed(JdbcConnection.java:1484)
	at org.h2.jdbc.JdbcConnection.checkClosed(JdbcConnection.java:1459)
	at org.h2.jdbc.JdbcConnection.getAutoCommit(JdbcConnection.java:458)
	at sun.reflect.GeneratedMethodAccessor43.invoke(Unknown Source)
	at sun.reflect.DelegatingMethodAccessorImpl.invoke(DelegatingMethodAccessorImpl.java:43)
	at java.lang.reflect.Method.invoke(Method.java:498)
	at org.apache.tomcat.jdbc.pool.ProxyConnection.invoke(ProxyConnection.java:126)
	at org.apache.tomcat.jdbc.pool.JdbcInterceptor.invoke(JdbcInterceptor.java:108)
	at org.apache.tomcat.jdbc.pool.interceptor.AbstractCreateStatementInterceptor.invoke(AbstractCreateStatementInterceptor.java:79)
	at org.apache.tomcat.jdbc.pool.JdbcInterceptor.invoke(JdbcInterceptor.java:108)
	at org.apache.tomcat.jdbc.pool.DisposableConnectionFacade.invoke(DisposableConnectionFacade.java:81)
	at com.sun.proxy.$Proxy80.getAutoCommit(Unknown Source)
	at org.hibernate.tool.hbm2ddl.SuppliedConnectionProviderConnectionHelper.prepare(SuppliedConnectionProviderConnectionHelper.java:34)
	at org.hibernate.tool.hbm2ddl.DatabaseExporter.<init>(DatabaseExporter.java:35)
	at org.hibernate.tool.hbm2ddl.SchemaExport.execute(SchemaExport.java:425)
	at org.hibernate.tool.hbm2ddl.SchemaExport.drop(SchemaExport.java:375)
	at org.hibernate.tool.hbm2ddl.SchemaExport.drop(SchemaExport.java:371)
	at org.hibernate.internal.SessionFactoryImpl.close(SessionFactoryImpl.java:1081)
	at org.hibernate.jpa.internal.EntityManagerFactoryImpl.close(EntityManagerFactoryImpl.java:347)
	at sun.reflect.NativeMethodAccessorImpl.invoke0(Native Method)
	at sun.reflect.NativeMethodAccessorImpl.invoke(NativeMethodAccessorImpl.java:62)
	at sun.reflect.DelegatingMethodAccessorImpl.invoke(DelegatingMethodAccessorImpl.java:43)
	at java.lang.reflect.Method.invoke(Method.java:498)
	at org.springframework.orm.jpa.AbstractEntityManagerFactoryBean.invokeProxyMethod(AbstractEntityManagerFactoryBean.java:473)
	at org.springframework.orm.jpa.AbstractEntityManagerFactoryBean$ManagedEntityManagerFactoryInvocationHandler.invoke(AbstractEntityManagerFactoryBean.java:645)
	at com.sun.proxy.$Proxy88.close(Unknown Source)
	at org.springframework.orm.jpa.AbstractEntityManagerFactoryBean.destroy(AbstractEntityManagerFactoryBean.java:565)
	at org.springframework.beans.factory.support.DisposableBeanAdapter.destroy(DisposableBeanAdapter.java:272)
	at org.springframework.beans.factory.support.DefaultSingletonBeanRegistry.destroyBean(DefaultSingletonBeanRegistry.java:578)
	at org.springframework.beans.factory.support.DefaultSingletonBeanRegistry.destroySingleton(DefaultSingletonBeanRegistry.java:554)
	at org.springframework.beans.factory.support.DefaultListableBeanFactory.destroySingleton(DefaultListableBeanFactory.java:961)
	at org.springframework.beans.factory.support.DefaultSingletonBeanRegistry.destroySingletons(DefaultSingletonBeanRegistry.java:523)
	at org.springframework.beans.factory.support.FactoryBeanRegistrySupport.destroySingletons(FactoryBeanRegistrySupport.java:230)
	at org.springframework.beans.factory.support.DefaultListableBeanFactory.destroySingletons(DefaultListableBeanFactory.java:968)
	at org.springframework.context.support.AbstractApplicationContext.destroyBeans(AbstractApplicationContext.java:1032)
	at org.springframework.context.support.AbstractApplicationContext.doClose(AbstractApplicationContext.java:1008)
	at org.springframework.context.support.AbstractApplicationContext$2.run(AbstractApplicationContext.java:929)
2018-06-29 11:31:05 - Starting DemoApplicationTests on man-01974 with PID 73752 (started by gjadhav in C:\Users\gjadhav\Documents\workspace-sts-3.9.4.RELEASE\user-details-service)
2018-06-29 11:31:05 - Running with Spring Boot v1.5.10.RELEASE, Spring v4.3.14.RELEASE
2018-06-29 11:31:05 - No active profile set, falling back to default profiles: default
2018-06-29 11:31:09 - The sample data has been generated
2018-06-29 11:31:09 - Started DemoApplicationTests in 4.896 seconds (JVM running for 5.982)
2018-06-29 11:31:10 - inside the service call : getAllUser
2018-06-29 11:31:10 - Returning all the User
2018-06-29 11:31:10 - inside the service call : getAllUser
2018-06-29 11:31:10 - User id to remove 4
2018-06-29 11:31:10 - User id to return 0
2018-06-29 11:31:10 - User id to remove 8
2018-06-29 11:31:10 - Payload to update com.gj.model.User@502c087e
2018-06-29 11:31:10 - Payload to save com.gj.model.User@7f5e6833
2018-06-29 11:31:10 - User id to return 6
2018-06-29 11:31:10 - Payload to save com.gj.model.User@6ce2e079
2018-06-29 11:31:10 - Payload to update com.gj.model.User@1a84a8b2
2018-06-29 11:31:10 - User id to return 3
2018-06-29 11:31:10 - HHH000231: Schema export unsuccessful
org.h2.jdbc.JdbcSQLException: Database is already closed (to disable automatic closing at VM shutdown, add ";DB_CLOSE_ON_EXIT=FALSE" to the db URL) [90121-196]
	at org.h2.message.DbException.getJdbcSQLException(DbException.java:345)
	at org.h2.message.DbException.get(DbException.java:179)
	at org.h2.message.DbException.get(DbException.java:155)
	at org.h2.message.DbException.get(DbException.java:144)
	at org.h2.jdbc.JdbcConnection.checkClosed(JdbcConnection.java:1484)
	at org.h2.jdbc.JdbcConnection.checkClosed(JdbcConnection.java:1459)
	at org.h2.jdbc.JdbcConnection.getAutoCommit(JdbcConnection.java:458)
	at sun.reflect.GeneratedMethodAccessor43.invoke(Unknown Source)
	at sun.reflect.DelegatingMethodAccessorImpl.invoke(DelegatingMethodAccessorImpl.java:43)
	at java.lang.reflect.Method.invoke(Method.java:498)
	at org.apache.tomcat.jdbc.pool.ProxyConnection.invoke(ProxyConnection.java:126)
	at org.apache.tomcat.jdbc.pool.JdbcInterceptor.invoke(JdbcInterceptor.java:108)
	at org.apache.tomcat.jdbc.pool.interceptor.AbstractCreateStatementInterceptor.invoke(AbstractCreateStatementInterceptor.java:79)
	at org.apache.tomcat.jdbc.pool.JdbcInterceptor.invoke(JdbcInterceptor.java:108)
	at org.apache.tomcat.jdbc.pool.DisposableConnectionFacade.invoke(DisposableConnectionFacade.java:81)
	at com.sun.proxy.$Proxy80.getAutoCommit(Unknown Source)
	at org.hibernate.tool.hbm2ddl.SuppliedConnectionProviderConnectionHelper.prepare(SuppliedConnectionProviderConnectionHelper.java:34)
	at org.hibernate.tool.hbm2ddl.DatabaseExporter.<init>(DatabaseExporter.java:35)
	at org.hibernate.tool.hbm2ddl.SchemaExport.execute(SchemaExport.java:425)
	at org.hibernate.tool.hbm2ddl.SchemaExport.drop(SchemaExport.java:375)
	at org.hibernate.tool.hbm2ddl.SchemaExport.drop(SchemaExport.java:371)
	at org.hibernate.internal.SessionFactoryImpl.close(SessionFactoryImpl.java:1081)
	at org.hibernate.jpa.internal.EntityManagerFactoryImpl.close(EntityManagerFactoryImpl.java:347)
	at sun.reflect.NativeMethodAccessorImpl.invoke0(Native Method)
	at sun.reflect.NativeMethodAccessorImpl.invoke(NativeMethodAccessorImpl.java:62)
	at sun.reflect.DelegatingMethodAccessorImpl.invoke(DelegatingMethodAccessorImpl.java:43)
	at java.lang.reflect.Method.invoke(Method.java:498)
	at org.springframework.orm.jpa.AbstractEntityManagerFactoryBean.invokeProxyMethod(AbstractEntityManagerFactoryBean.java:473)
	at org.springframework.orm.jpa.AbstractEntityManagerFactoryBean$ManagedEntityManagerFactoryInvocationHandler.invoke(AbstractEntityManagerFactoryBean.java:645)
	at com.sun.proxy.$Proxy88.close(Unknown Source)
	at org.springframework.orm.jpa.AbstractEntityManagerFactoryBean.destroy(AbstractEntityManagerFactoryBean.java:565)
	at org.springframework.beans.factory.support.DisposableBeanAdapter.destroy(DisposableBeanAdapter.java:272)
	at org.springframework.beans.factory.support.DefaultSingletonBeanRegistry.destroyBean(DefaultSingletonBeanRegistry.java:578)
	at org.springframework.beans.factory.support.DefaultSingletonBeanRegistry.destroySingleton(DefaultSingletonBeanRegistry.java:554)
	at org.springframework.beans.factory.support.DefaultListableBeanFactory.destroySingleton(DefaultListableBeanFactory.java:961)
	at org.springframework.beans.factory.support.DefaultSingletonBeanRegistry.destroySingletons(DefaultSingletonBeanRegistry.java:523)
	at org.springframework.beans.factory.support.FactoryBeanRegistrySupport.destroySingletons(FactoryBeanRegistrySupport.java:230)
	at org.springframework.beans.factory.support.DefaultListableBeanFactory.destroySingletons(DefaultListableBeanFactory.java:968)
	at org.springframework.context.support.AbstractApplicationContext.destroyBeans(AbstractApplicationContext.java:1032)
	at org.springframework.context.support.AbstractApplicationContext.doClose(AbstractApplicationContext.java:1008)
	at org.springframework.context.support.AbstractApplicationContext$2.run(AbstractApplicationContext.java:929)
2018-06-29 11:34:05 - Starting DemoApplicationTests on man-01974 with PID 77096 (started by gjadhav in C:\Users\gjadhav\Documents\workspace-sts-3.9.4.RELEASE\user-details-service)
2018-06-29 11:34:05 - Running with Spring Boot v1.5.10.RELEASE, Spring v4.3.14.RELEASE
2018-06-29 11:34:05 - No active profile set, falling back to default profiles: default
2018-06-29 11:34:10 - The sample data has been generated
2018-06-29 11:34:10 - Started DemoApplicationTests in 5.135 seconds (JVM running for 6.256)
2018-06-29 11:34:10 - inside the service call : getAllUser
2018-06-29 11:34:11 - Returning all the User
2018-06-29 11:34:11 - inside the service call : getAllUser
2018-06-29 11:34:11 - User id to remove 4
2018-06-29 11:34:11 - User id to return 0
2018-06-29 11:34:11 - User id to remove 8
2018-06-29 11:34:11 - Payload to update com.gj.model.User@74cd798f
2018-06-29 11:34:11 - Payload to save com.gj.model.User@502c087e
2018-06-29 11:34:11 - User id to return 6
2018-06-29 11:34:11 - Payload to save com.gj.model.User@7f5e6833
2018-06-29 11:34:11 - Payload to update com.gj.model.User@260d48f5
2018-06-29 11:34:11 - User id to return 3
2018-06-29 11:34:11 - HHH000231: Schema export unsuccessful
org.h2.jdbc.JdbcSQLException: Database is already closed (to disable automatic closing at VM shutdown, add ";DB_CLOSE_ON_EXIT=FALSE" to the db URL) [90121-196]
	at org.h2.message.DbException.getJdbcSQLException(DbException.java:345)
	at org.h2.message.DbException.get(DbException.java:179)
	at org.h2.message.DbException.get(DbException.java:155)
	at org.h2.message.DbException.get(DbException.java:144)
	at org.h2.jdbc.JdbcConnection.checkClosed(JdbcConnection.java:1484)
	at org.h2.jdbc.JdbcConnection.checkClosed(JdbcConnection.java:1459)
	at org.h2.jdbc.JdbcConnection.getAutoCommit(JdbcConnection.java:458)
	at sun.reflect.GeneratedMethodAccessor43.invoke(Unknown Source)
	at sun.reflect.DelegatingMethodAccessorImpl.invoke(DelegatingMethodAccessorImpl.java:43)
	at java.lang.reflect.Method.invoke(Method.java:498)
	at org.apache.tomcat.jdbc.pool.ProxyConnection.invoke(ProxyConnection.java:126)
	at org.apache.tomcat.jdbc.pool.JdbcInterceptor.invoke(JdbcInterceptor.java:108)
	at org.apache.tomcat.jdbc.pool.interceptor.AbstractCreateStatementInterceptor.invoke(AbstractCreateStatementInterceptor.java:79)
	at org.apache.tomcat.jdbc.pool.JdbcInterceptor.invoke(JdbcInterceptor.java:108)
	at org.apache.tomcat.jdbc.pool.DisposableConnectionFacade.invoke(DisposableConnectionFacade.java:81)
	at com.sun.proxy.$Proxy80.getAutoCommit(Unknown Source)
	at org.hibernate.tool.hbm2ddl.SuppliedConnectionProviderConnectionHelper.prepare(SuppliedConnectionProviderConnectionHelper.java:34)
	at org.hibernate.tool.hbm2ddl.DatabaseExporter.<init>(DatabaseExporter.java:35)
	at org.hibernate.tool.hbm2ddl.SchemaExport.execute(SchemaExport.java:425)
	at org.hibernate.tool.hbm2ddl.SchemaExport.drop(SchemaExport.java:375)
	at org.hibernate.tool.hbm2ddl.SchemaExport.drop(SchemaExport.java:371)
	at org.hibernate.internal.SessionFactoryImpl.close(SessionFactoryImpl.java:1081)
	at org.hibernate.jpa.internal.EntityManagerFactoryImpl.close(EntityManagerFactoryImpl.java:347)
	at sun.reflect.NativeMethodAccessorImpl.invoke0(Native Method)
	at sun.reflect.NativeMethodAccessorImpl.invoke(NativeMethodAccessorImpl.java:62)
	at sun.reflect.DelegatingMethodAccessorImpl.invoke(DelegatingMethodAccessorImpl.java:43)
	at java.lang.reflect.Method.invoke(Method.java:498)
	at org.springframework.orm.jpa.AbstractEntityManagerFactoryBean.invokeProxyMethod(AbstractEntityManagerFactoryBean.java:473)
	at org.springframework.orm.jpa.AbstractEntityManagerFactoryBean$ManagedEntityManagerFactoryInvocationHandler.invoke(AbstractEntityManagerFactoryBean.java:645)
	at com.sun.proxy.$Proxy88.close(Unknown Source)
	at org.springframework.orm.jpa.AbstractEntityManagerFactoryBean.destroy(AbstractEntityManagerFactoryBean.java:565)
	at org.springframework.beans.factory.support.DisposableBeanAdapter.destroy(DisposableBeanAdapter.java:272)
	at org.springframework.beans.factory.support.DefaultSingletonBeanRegistry.destroyBean(DefaultSingletonBeanRegistry.java:578)
	at org.springframework.beans.factory.support.DefaultSingletonBeanRegistry.destroySingleton(DefaultSingletonBeanRegistry.java:554)
	at org.springframework.beans.factory.support.DefaultListableBeanFactory.destroySingleton(DefaultListableBeanFactory.java:961)
	at org.springframework.beans.factory.support.DefaultSingletonBeanRegistry.destroySingletons(DefaultSingletonBeanRegistry.java:523)
	at org.springframework.beans.factory.support.FactoryBeanRegistrySupport.destroySingletons(FactoryBeanRegistrySupport.java:230)
	at org.springframework.beans.factory.support.DefaultListableBeanFactory.destroySingletons(DefaultListableBeanFactory.java:968)
	at org.springframework.context.support.AbstractApplicationContext.destroyBeans(AbstractApplicationContext.java:1032)
	at org.springframework.context.support.AbstractApplicationContext.doClose(AbstractApplicationContext.java:1008)
	at org.springframework.context.support.AbstractApplicationContext$2.run(AbstractApplicationContext.java:929)
2018-07-30 10:47:56 - Starting DemoApplicationTests on man-01974 with PID 29100 (started by gjadhav in C:\Users\gjadhav\Documents\workspace-sts-3.9.4.RELEASE\user-details-service)
2018-07-30 10:47:56 - Running with Spring Boot v1.5.10.RELEASE, Spring v4.3.14.RELEASE
2018-07-30 10:47:56 - No active profile set, falling back to default profiles: default
2018-07-30 10:48:01 - The sample data has been generated
2018-07-30 10:48:01 - Started DemoApplicationTests in 5.332 seconds (JVM running for 6.743)
2018-07-30 10:48:02 - inside the service call : getAllUser
2018-07-30 10:48:02 - Returning all the User
2018-07-30 10:48:02 - inside the service call : getAllUser
2018-07-30 10:48:02 - HHH000231: Schema export unsuccessful
org.h2.jdbc.JdbcSQLException: Database is already closed (to disable automatic closing at VM shutdown, add ";DB_CLOSE_ON_EXIT=FALSE" to the db URL) [90121-196]
	at org.h2.message.DbException.getJdbcSQLException(DbException.java:345)
	at org.h2.message.DbException.get(DbException.java:179)
	at org.h2.message.DbException.get(DbException.java:155)
	at org.h2.message.DbException.get(DbException.java:144)
	at org.h2.jdbc.JdbcConnection.checkClosed(JdbcConnection.java:1484)
	at org.h2.jdbc.JdbcConnection.checkClosed(JdbcConnection.java:1459)
	at org.h2.jdbc.JdbcConnection.getAutoCommit(JdbcConnection.java:458)
	at sun.reflect.NativeMethodAccessorImpl.invoke0(Native Method)
	at sun.reflect.NativeMethodAccessorImpl.invoke(NativeMethodAccessorImpl.java:62)
	at sun.reflect.DelegatingMethodAccessorImpl.invoke(DelegatingMethodAccessorImpl.java:43)
	at java.lang.reflect.Method.invoke(Method.java:498)
	at org.apache.tomcat.jdbc.pool.ProxyConnection.invoke(ProxyConnection.java:126)
	at org.apache.tomcat.jdbc.pool.JdbcInterceptor.invoke(JdbcInterceptor.java:108)
	at org.apache.tomcat.jdbc.pool.interceptor.AbstractCreateStatementInterceptor.invoke(AbstractCreateStatementInterceptor.java:79)
	at org.apache.tomcat.jdbc.pool.JdbcInterceptor.invoke(JdbcInterceptor.java:108)
	at org.apache.tomcat.jdbc.pool.DisposableConnectionFacade.invoke(DisposableConnectionFacade.java:81)
	at com.sun.proxy.$Proxy80.getAutoCommit(Unknown Source)
	at org.hibernate.tool.hbm2ddl.SuppliedConnectionProviderConnectionHelper.prepare(SuppliedConnectionProviderConnectionHelper.java:34)
	at org.hibernate.tool.hbm2ddl.DatabaseExporter.<init>(DatabaseExporter.java:35)
	at org.hibernate.tool.hbm2ddl.SchemaExport.execute(SchemaExport.java:425)
	at org.hibernate.tool.hbm2ddl.SchemaExport.drop(SchemaExport.java:375)
	at org.hibernate.tool.hbm2ddl.SchemaExport.drop(SchemaExport.java:371)
	at org.hibernate.internal.SessionFactoryImpl.close(SessionFactoryImpl.java:1081)
	at org.hibernate.jpa.internal.EntityManagerFactoryImpl.close(EntityManagerFactoryImpl.java:347)
	at sun.reflect.NativeMethodAccessorImpl.invoke0(Native Method)
	at sun.reflect.NativeMethodAccessorImpl.invoke(NativeMethodAccessorImpl.java:62)
	at sun.reflect.DelegatingMethodAccessorImpl.invoke(DelegatingMethodAccessorImpl.java:43)
	at java.lang.reflect.Method.invoke(Method.java:498)
	at org.springframework.orm.jpa.AbstractEntityManagerFactoryBean.invokeProxyMethod(AbstractEntityManagerFactoryBean.java:473)
	at org.springframework.orm.jpa.AbstractEntityManagerFactoryBean$ManagedEntityManagerFactoryInvocationHandler.invoke(AbstractEntityManagerFactoryBean.java:645)
	at com.sun.proxy.$Proxy88.close(Unknown Source)
	at org.springframework.orm.jpa.AbstractEntityManagerFactoryBean.destroy(AbstractEntityManagerFactoryBean.java:565)
	at org.springframework.beans.factory.support.DisposableBeanAdapter.destroy(DisposableBeanAdapter.java:272)
	at org.springframework.beans.factory.support.DefaultSingletonBeanRegistry.destroyBean(DefaultSingletonBeanRegistry.java:578)
	at org.springframework.beans.factory.support.DefaultSingletonBeanRegistry.destroySingleton(DefaultSingletonBeanRegistry.java:554)
	at org.springframework.beans.factory.support.DefaultListableBeanFactory.destroySingleton(DefaultListableBeanFactory.java:961)
	at org.springframework.beans.factory.support.DefaultSingletonBeanRegistry.destroySingletons(DefaultSingletonBeanRegistry.java:523)
	at org.springframework.beans.factory.support.FactoryBeanRegistrySupport.destroySingletons(FactoryBeanRegistrySupport.java:230)
	at org.springframework.beans.factory.support.DefaultListableBeanFactory.destroySingletons(DefaultListableBeanFactory.java:968)
	at org.springframework.context.support.AbstractApplicationContext.destroyBeans(AbstractApplicationContext.java:1032)
	at org.springframework.context.support.AbstractApplicationContext.doClose(AbstractApplicationContext.java:1008)
	at org.springframework.context.support.AbstractApplicationContext$2.run(AbstractApplicationContext.java:929)
